[debug] [2025-08-06T07:39:56.275Z] ----------------------------------------------------------------------
[debug] [2025-08-06T07:39:56.278Z] Command:       /usr/local/bin/node /Users/forresthartley/.npm/_npx/ba4f1959e38407b5/node_modules/.bin/firebase deploy --only functions
[debug] [2025-08-06T07:39:56.278Z] CLI Version:   14.11.2
[debug] [2025-08-06T07:39:56.278Z] Platform:      darwin
[debug] [2025-08-06T07:39:56.278Z] Node Version:  v20.9.0
[debug] [2025-08-06T07:39:56.278Z] Time:          Wed Aug 06 2025 00:39:56 GMT-0700 (Mountain Standard Time)
[debug] [2025-08-06T07:39:56.279Z] ----------------------------------------------------------------------
[debug] 
[debug] [2025-08-06T07:39:56.431Z] > command requires scopes: ["email","openid","https://www.googleapis.com/auth/cloudplatformprojects.readonly","https://www.googleapis.com/auth/firebase","https://www.googleapis.com/auth/cloud-platform"]
[debug] [2025-08-06T07:39:56.431Z] > authorizing via signed-in user (forresth2000@gmail.com)
[debug] [2025-08-06T07:39:56.431Z] [iam] checking project lyrictype-cdf2c for permissions ["cloudfunctions.functions.create","cloudfunctions.functions.delete","cloudfunctions.functions.get","cloudfunctions.functions.list","cloudfunctions.functions.update","cloudfunctions.operations.get","firebase.projects.get"]
[debug] [2025-08-06T07:39:56.432Z] No OAuth tokens found
[debug] [2025-08-06T07:39:56.432Z] No OAuth tokens found
[debug] [2025-08-06T07:39:56.432Z] > refreshing access token with scopes: []
[debug] [2025-08-06T07:39:56.433Z] >>> [apiv2][query] POST https://www.googleapis.com/oauth2/v3/token [none]
[debug] [2025-08-06T07:39:56.433Z] >>> [apiv2][body] POST https://www.googleapis.com/oauth2/v3/token [omitted]
[debug] [2025-08-06T07:39:56.660Z] <<< [apiv2][status] POST https://www.googleapis.com/oauth2/v3/token 200
[debug] [2025-08-06T07:39:56.660Z] <<< [apiv2][body] POST https://www.googleapis.com/oauth2/v3/token [omitted]
[debug] [2025-08-06T07:39:56.666Z] >>> [apiv2][query] POST https://cloudresourcemanager.googleapis.com/v1/projects/lyrictype-cdf2c:testIamPermissions [none]
[debug] [2025-08-06T07:39:56.666Z] >>> [apiv2][(partial)header] POST https://cloudresourcemanager.googleapis.com/v1/projects/lyrictype-cdf2c:testIamPermissions x-goog-quota-user=projects/lyrictype-cdf2c
[debug] [2025-08-06T07:39:56.666Z] >>> [apiv2][body] POST https://cloudresourcemanager.googleapis.com/v1/projects/lyrictype-cdf2c:testIamPermissions {"permissions":["cloudfunctions.functions.create","cloudfunctions.functions.delete","cloudfunctions.functions.get","cloudfunctions.functions.list","cloudfunctions.functions.update","cloudfunctions.operations.get","firebase.projects.get"]}
[debug] [2025-08-06T07:39:57.021Z] <<< [apiv2][status] POST https://cloudresourcemanager.googleapis.com/v1/projects/lyrictype-cdf2c:testIamPermissions 200
[debug] [2025-08-06T07:39:57.021Z] <<< [apiv2][body] POST https://cloudresourcemanager.googleapis.com/v1/projects/lyrictype-cdf2c:testIamPermissions {"permissions":["cloudfunctions.functions.create","cloudfunctions.functions.delete","cloudfunctions.functions.get","cloudfunctions.functions.list","cloudfunctions.functions.update","cloudfunctions.operations.get","firebase.projects.get"]}
[debug] [2025-08-06T07:39:57.021Z] Checked if tokens are valid: true, expires at: 1754469595660
[debug] [2025-08-06T07:39:57.021Z] Checked if tokens are valid: true, expires at: 1754469595660
[debug] [2025-08-06T07:39:57.021Z] >>> [apiv2][query] POST https://iam.googleapis.com/v1/projects/lyrictype-cdf2c/serviceAccounts/lyrictype-cdf2c@appspot.gserviceaccount.com:testIamPermissions [none]
[debug] [2025-08-06T07:39:57.021Z] >>> [apiv2][body] POST https://iam.googleapis.com/v1/projects/lyrictype-cdf2c/serviceAccounts/lyrictype-cdf2c@appspot.gserviceaccount.com:testIamPermissions {"permissions":["iam.serviceAccounts.actAs"]}
[debug] [2025-08-06T07:39:57.382Z] <<< [apiv2][status] POST https://iam.googleapis.com/v1/projects/lyrictype-cdf2c/serviceAccounts/lyrictype-cdf2c@appspot.gserviceaccount.com:testIamPermissions 200
[debug] [2025-08-06T07:39:57.383Z] <<< [apiv2][body] POST https://iam.googleapis.com/v1/projects/lyrictype-cdf2c/serviceAccounts/lyrictype-cdf2c@appspot.gserviceaccount.com:testIamPermissions {"permissions":["iam.serviceAccounts.actAs"]}
[info] 
[info] === Deploying to 'lyrictype-cdf2c'...
[info] 
[info] i  deploying functions 
[debug] [2025-08-06T07:39:57.388Z] Checked if tokens are valid: true, expires at: 1754469595660
[debug] [2025-08-06T07:39:57.388Z] Checked if tokens are valid: true, expires at: 1754469595660
[debug] [2025-08-06T07:39:57.388Z] >>> [apiv2][query] GET https://cloudresourcemanager.googleapis.com/v1/projects/lyrictype-cdf2c [none]
[debug] [2025-08-06T07:39:57.500Z] <<< [apiv2][status] GET https://cloudresourcemanager.googleapis.com/v1/projects/lyrictype-cdf2c 200
[debug] [2025-08-06T07:39:57.500Z] <<< [apiv2][body] GET https://cloudresourcemanager.googleapis.com/v1/projects/lyrictype-cdf2c {"projectNumber":"835790496614","projectId":"lyrictype-cdf2c","lifecycleState":"ACTIVE","name":"LyricType","labels":{"firebase":"enabled"},"createTime":"2024-02-26T21:37:35.280108Z"}
[info] i  functions: preparing codebase default for deployment 
[info] i  functions: ensuring required API cloudfunctions.googleapis.com is enabled... 
[info] i  functions: ensuring required API cloudbuild.googleapis.com is enabled... 
[info] i  artifactregistry: ensuring required API artifactregistry.googleapis.com is enabled... 
[debug] [2025-08-06T07:39:57.501Z] Checked if tokens are valid: true, expires at: 1754469595660
[debug] [2025-08-06T07:39:57.501Z] Checked if tokens are valid: true, expires at: 1754469595660
[debug] [2025-08-06T07:39:57.501Z] >>> [apiv2][query] GET https://firebase.googleapis.com/v1beta1/projects/lyrictype-cdf2c/adminSdkConfig [none]
[debug] [2025-08-06T07:39:57.777Z] <<< [apiv2][status] GET https://firebase.googleapis.com/v1beta1/projects/lyrictype-cdf2c/adminSdkConfig 200
[debug] [2025-08-06T07:39:57.777Z] <<< [apiv2][body] GET https://firebase.googleapis.com/v1beta1/projects/lyrictype-cdf2c/adminSdkConfig {"projectId":"lyrictype-cdf2c","storageBucket":"lyrictype-cdf2c.firebasestorage.app"}
[debug] [2025-08-06T07:39:57.778Z] Checked if tokens are valid: true, expires at: 1754469595660
[debug] [2025-08-06T07:39:57.778Z] Checked if tokens are valid: true, expires at: 1754469595660
[debug] [2025-08-06T07:39:57.778Z] >>> [apiv2][query] GET https://runtimeconfig.googleapis.com/v1beta1/projects/lyrictype-cdf2c/configs [none]
[debug] [2025-08-06T07:39:58.027Z] <<< [apiv2][status] GET https://runtimeconfig.googleapis.com/v1beta1/projects/lyrictype-cdf2c/configs 200
[debug] [2025-08-06T07:39:58.027Z] <<< [apiv2][body] GET https://runtimeconfig.googleapis.com/v1beta1/projects/lyrictype-cdf2c/configs {"configs":[{"name":"projects/lyrictype-cdf2c/configs/genius"}]}
[debug] [2025-08-06T07:39:58.027Z] Checked if tokens are valid: true, expires at: 1754469595660
[debug] [2025-08-06T07:39:58.028Z] Checked if tokens are valid: true, expires at: 1754469595660
[debug] [2025-08-06T07:39:58.028Z] >>> [apiv2][query] GET https://runtimeconfig.googleapis.com/v1beta1/projects/lyrictype-cdf2c/configs/genius/variables [none]
[debug] [2025-08-06T07:39:58.185Z] <<< [apiv2][status] GET https://runtimeconfig.googleapis.com/v1beta1/projects/lyrictype-cdf2c/configs/genius/variables 200
[debug] [2025-08-06T07:39:58.185Z] <<< [apiv2][body] GET https://runtimeconfig.googleapis.com/v1beta1/projects/lyrictype-cdf2c/configs/genius/variables {"variables":[{"name":"projects/lyrictype-cdf2c/configs/genius/variables/key","updateTime":"2025-08-05T09:05:40.086445688Z"}]}
[debug] [2025-08-06T07:39:58.186Z] Checked if tokens are valid: true, expires at: 1754469595660
[debug] [2025-08-06T07:39:58.186Z] Checked if tokens are valid: true, expires at: 1754469595660
[debug] [2025-08-06T07:39:58.186Z] >>> [apiv2][query] GET https://runtimeconfig.googleapis.com/v1beta1/projects/lyrictype-cdf2c/configs/genius/variables/key [none]
[debug] [2025-08-06T07:39:58.346Z] <<< [apiv2][status] GET https://runtimeconfig.googleapis.com/v1beta1/projects/lyrictype-cdf2c/configs/genius/variables/key 200
[debug] [2025-08-06T07:39:58.355Z] <<< [apiv2][body] GET https://runtimeconfig.googleapis.com/v1beta1/projects/lyrictype-cdf2c/configs/genius/variables/key {"name":"projects/lyrictype-cdf2c/configs/genius/variables/key","updateTime":"2025-08-05T09:05:40.086445688Z","text":"u0fTZYUU6qDmgeW9Q5paUUxkYIQ5YIG_CI1gx857prCkjXCg6CzSJBPxI9ZP1Nr-"}
[debug] [2025-08-06T07:39:58.360Z] Validating nodejs source
[warn] ⚠  functions: Runtime Node.js 18 was deprecated on 2025-04-30 and will be decommissioned on 2025-10-30, after which you will not be able to deploy without upgrading. Consider upgrading now to avoid disruption. See https://cloud.google.com/functions/docs/runtime-support for full details on the lifecycle policy 
[debug] [2025-08-06T07:39:58.903Z] > [functions] package.json contents: {
  "name": "functions",
  "description": "Cloud Functions for Firebase",
  "scripts": {
    "serve": "firebase emulators:start --only functions",
    "shell": "firebase functions:shell",
    "start": "npm run shell",
    "deploy": "firebase deploy --only functions",
    "logs": "firebase functions:log"
  },
  "engines": {
    "node": "18"
  },
  "main": "index.js",
  "type": "module",
  "dependencies": {
    "@sveltejs/kit": "^2.0.0",
    "@sveltejs/vite-plugin-svelte": "^3.0.0",
    "cheerio": "^1.0.0-rc.12",
    "chrome-aws-lambda": "^9.1.0",
    "cross-fetch": "^4.0.0",
    "firebase": "^10.x.x",
    "firebase-admin": "^12.1.0",
    "firebase-functions": "^6.4.0",
    "genius-lyrics": "^4.4.6",
    "js-cookie": "^3.0.5",
    "normalize-strings": "^1.1.1",
    "normalize-text": "^2.5.0",
    "puppeteer": "^22.6.3",
    "robocopy": "^0.1.16",
    "svelte": "^4.2.7",
    "textfit": "^2.4.0"
  },
  "devDependencies": {
    "firebase-functions-test": "^3.1.0"
  },
  "private": true
}
[debug] [2025-08-06T07:39:58.903Z] Building nodejs source
[info] i  functions: Loading and analyzing source code for codebase default to determine what to deploy 
[debug] [2025-08-06T07:39:58.904Z] Could not find functions.yaml. Must use http discovery
[debug] [2025-08-06T07:39:58.910Z] Found firebase-functions binary at '/Users/forresthartley/lyrictypeSK/functions/node_modules/.bin/firebase-functions'
[info] Serving at port 8390

[debug] [2025-08-06T07:40:01.035Z] Got response from /__/functions.yaml {"endpoints":{"diagnoseSongData":{"availableMemoryMb":null,"timeoutSeconds":60,"minInstances":null,"maxInstances":null,"ingressSettings":null,"concurrency":null,"serviceAccountEmail":null,"vpc":null,"platform":"gcfv2","region":["us-central1"],"labels":{},"callableTrigger":{},"entryPoint":"diagnoseSongData"},"getArtistInfo":{"availableMemoryMb":null,"timeoutSeconds":30,"minInstances":null,"maxInstances":null,"ingressSettings":null,"concurrency":null,"serviceAccountEmail":null,"vpc":null,"platform":"gcfv2","region":["us-central1"],"labels":{},"callableTrigger":{},"entryPoint":"getArtistInfo"},"healthCheck":{"availableMemoryMb":null,"timeoutSeconds":10,"minInstances":null,"maxInstances":null,"ingressSettings":null,"concurrency":null,"serviceAccountEmail":null,"vpc":null,"platform":"gcfv2","region":["us-central1"],"labels":{},"httpsTrigger":{},"entryPoint":"healthCheck"},"initialArtistSearch":{"availableMemoryMb":null,"timeoutSeconds":60,"minInstances":0,"maxInstances":100,"ingressSettings":null,"concurrency":null,"serviceAccountEmail":null,"vpc":null,"platform":"gcfv2","region":["us-central1"],"labels":{},"callableTrigger":{},"entryPoint":"initialArtistSearch"},"loadStartingFromId":{"availableMemoryMb":null,"timeoutSeconds":120,"minInstances":0,"maxInstances":20,"ingressSettings":null,"concurrency":null,"serviceAccountEmail":null,"vpc":null,"platform":"gcfv2","region":["us-central1"],"labels":{},"callableTrigger":{},"entryPoint":"loadStartingFromId"},"populateArtistSongs":{"availableMemoryMb":null,"timeoutSeconds":300,"minInstances":0,"maxInstances":10,"ingressSettings":null,"concurrency":null,"serviceAccountEmail":null,"vpc":null,"platform":"gcfv2","region":["us-central1"],"labels":{},"callableTrigger":{},"entryPoint":"populateArtistSongs"},"scrapeSongLyrics":{"availableMemoryMb":null,"timeoutSeconds":300,"minInstances":0,"maxInstances":20,"ingressSettings":null,"concurrency":null,"serviceAccountEmail":null,"vpc":null,"platform":"gcfv2","region":["us-central1"],"labels":{},"callableTrigger":{},"entryPoint":"scrapeSongLyrics"},"searchByArtistId":{"availableMemoryMb":null,"timeoutSeconds":60,"minInstances":0,"maxInstances":100,"ingressSettings":null,"concurrency":null,"serviceAccountEmail":null,"vpc":null,"platform":"gcfv2","region":["us-central1"],"labels":{},"callableTrigger":{},"entryPoint":"searchByArtistId"},"ssrServer":{"availableMemoryMb":null,"timeoutSeconds":60,"minInstances":0,"maxInstances":100,"ingressSettings":null,"concurrency":null,"serviceAccountEmail":null,"vpc":null,"platform":"gcfv2","region":["us-central1"],"labels":{},"httpsTrigger":{"invoker":["public"]},"entryPoint":"ssrServer"},"testCacheSystem":{"availableMemoryMb":null,"timeoutSeconds":120,"minInstances":null,"maxInstances":null,"ingressSettings":null,"concurrency":null,"serviceAccountEmail":null,"vpc":null,"platform":"gcfv2","region":["us-central1"],"labels":{},"callableTrigger":{},"entryPoint":"testCacheSystem"},"testLyricsScraping":{"availableMemoryMb":null,"timeoutSeconds":60,"minInstances":null,"maxInstances":null,"ingressSettings":null,"concurrency":null,"serviceAccountEmail":null,"vpc":null,"platform":"gcfv2","region":["us-central1"],"labels":{},"callableTrigger":{},"entryPoint":"testLyricsScraping"}},"specVersion":"v1alpha1","requiredAPIs":[],"extensions":{},"params":[{"name":"GENIUS_KEY","type":"string"}]}
[info] i  extensions: ensuring required API firebaseextensions.googleapis.com is enabled... 
[debug] [2025-08-06T07:40:06.109Z] > command requires scopes: ["email","openid","https://www.googleapis.com/auth/cloudplatformprojects.readonly","https://www.googleapis.com/auth/firebase","https://www.googleapis.com/auth/cloud-platform"]
[debug] [2025-08-06T07:40:06.109Z] > authorizing via signed-in user (forresth2000@gmail.com)
[debug] [2025-08-06T07:40:06.109Z] [iam] checking project lyrictype-cdf2c for permissions ["firebase.projects.get","firebaseextensions.instances.list"]
[debug] [2025-08-06T07:40:06.109Z] Checked if tokens are valid: true, expires at: 1754469595660
[debug] [2025-08-06T07:40:06.109Z] Checked if tokens are valid: true, expires at: 1754469595660
[debug] [2025-08-06T07:40:06.109Z] >>> [apiv2][query] POST https://cloudresourcemanager.googleapis.com/v1/projects/lyrictype-cdf2c:testIamPermissions [none]
[debug] [2025-08-06T07:40:06.109Z] >>> [apiv2][(partial)header] POST https://cloudresourcemanager.googleapis.com/v1/projects/lyrictype-cdf2c:testIamPermissions x-goog-quota-user=projects/lyrictype-cdf2c
[debug] [2025-08-06T07:40:06.109Z] >>> [apiv2][body] POST https://cloudresourcemanager.googleapis.com/v1/projects/lyrictype-cdf2c:testIamPermissions {"permissions":["firebase.projects.get","firebaseextensions.instances.list"]}
[debug] [2025-08-06T07:40:06.412Z] <<< [apiv2][status] POST https://cloudresourcemanager.googleapis.com/v1/projects/lyrictype-cdf2c:testIamPermissions 200
[debug] [2025-08-06T07:40:06.412Z] <<< [apiv2][body] POST https://cloudresourcemanager.googleapis.com/v1/projects/lyrictype-cdf2c:testIamPermissions {"permissions":["firebase.projects.get","firebaseextensions.instances.list"]}
[debug] [2025-08-06T07:40:06.413Z] Checked if tokens are valid: true, expires at: 1754469595660
[debug] [2025-08-06T07:40:06.413Z] Checked if tokens are valid: true, expires at: 1754469595660
[debug] [2025-08-06T07:40:06.414Z] >>> [apiv2][query] GET https://firebaseextensions.googleapis.com/v1beta/projects/lyrictype-cdf2c/instances pageSize=100&pageToken=
[debug] [2025-08-06T07:40:06.862Z] <<< [apiv2][status] GET https://firebaseextensions.googleapis.com/v1beta/projects/lyrictype-cdf2c/instances 200
[debug] [2025-08-06T07:40:06.863Z] <<< [apiv2][body] GET https://firebaseextensions.googleapis.com/v1beta/projects/lyrictype-cdf2c/instances {}
[info] i  functions: Loaded environment variables from .env.lyrictype-cdf2c. 
[info] i  functions: preparing functions directory for uploading... 
